           timestamp  discovered      queued   downloaded       doc/s(avg)  KB/s(avg)   dl-failures   busy-thread   mem-use-KB  heap-size-KB   congestion   max-depth   avg-depth
2015-11-01T14:50:57Z           0           0            0           0(NaN)       0(0)             0             0        53982        137728            0          -1           0
2015-11-01T14:55:10Z CRAWL RUNNING - Preparing
2015-11-01T15:03:48Z           1           1            0             0(0)       0(0)             0             0        54678        133632            ∞           1           1
2015-11-01T15:04:15Z           1           1            0             0(0)       0(0)             0             0        54784        133632            ∞           1           1
2015-11-01T15:04:16Z CRAWL PAUSED - Paused
2015-11-01T15:05:18Z           1           1            0             0(0)       0(0)             0             0        54784        133632            ∞           1           1
2015-11-01T15:05:31Z           1           1            0             0(0)       0(0)             0             0        54784        133632            ∞           1           1
2015-11-01T15:05:35Z           1           1            0             0(0)       0(0)             0             0        54784        133632            ∞           1           1
2015-11-01T15:05:36Z           1           1            0             0(0)       0(0)             0             0        54784        133632            ∞           1           1
2015-11-01T15:05:36Z           1           1            0             0(0)       0(0)             0             0        54784        133632            ∞           1           1
2015-11-01T15:05:37Z           1           1            0             0(0)       0(0)             0             0        54784        133632            ∞           1           1
2015-11-01T15:05:37Z           1           1            0             0(0)       0(0)             0             0        54784        133632            ∞           1           1
2015-11-01T15:05:37Z           1           1            0             0(0)       0(0)             0             0        54784        133632            ∞           1           1
2015-11-01T15:05:37Z           1           1            0             0(0)       0(0)             0             0        54890        133632            ∞           1           1
2015-11-01T15:05:37Z           1           1            0             0(0)       0(0)             0             0        54890        133632            ∞           1           1
2015-11-01T15:05:38Z           1           1            0             0(0)       0(0)             0             0        54890        133632            ∞           1           1
2015-11-01T15:05:38Z           1           1            0             0(0)       0(0)             0             0        54890        133632            ∞           1           1
2015-11-01T15:05:38Z           1           1            0             0(0)       0(0)             0             0        54890        133632            ∞           1           1
2015-11-01T15:05:38Z           1           1            0             0(0)       0(0)             0             0        54890        133632            ∞           1           1
2015-11-01T15:05:38Z           1           1            0             0(0)       0(0)             0             0        54890        133632            ∞           1           1
2015-11-01T15:05:39Z           1           1            0             0(0)       0(0)             0             0        54890        133632            ∞           1           1
2015-11-01T15:05:39Z           1           1            0             0(0)       0(0)             0             0        54890        133632            ∞           1           1
2015-11-01T15:05:40Z           1           1            0             0(0)       0(0)             0             0        54890        133632            ∞           1           1
2015-11-01T15:05:40Z           1           1            0             0(0)       0(0)             0             0        54995        133632            ∞           1           1
2015-11-01T15:05:41Z           1           1            0             0(0)       0(0)             0             0        54995        133632            ∞           1           1
2015-11-01T15:05:41Z           1           1            0             0(0)       0(0)             0             0        54995        133632            ∞           1           1
2015-11-01T15:05:41Z           1           1            0             0(0)       0(0)             0             0        54995        133632            ∞           1           1
2015-11-01T15:05:41Z           1           1            0             0(0)       0(0)             0             0        54995        133632            ∞           1           1
2015-11-01T15:05:41Z           1           1            0             0(0)       0(0)             0             0        54995        133632            ∞           1           1
2015-11-01T15:05:42Z           1           1            0             0(0)       0(0)             0             0        54995        133632            ∞           1           1
2015-11-01T15:05:42Z           1           1            0             0(0)       0(0)             0             0        54995        133632            ∞           1           1
2015-11-01T15:05:43Z           1           1            0             0(0)       0(0)             0             0        54995        133632            ∞           1           1
2015-11-01T15:05:43Z           1           1            0             0(0)       0(0)             0             0        55102        133632            ∞           1           1
2015-11-01T15:05:43Z           1           1            0             0(0)       0(0)             0             0        55102        133632            ∞           1           1
2015-11-01T15:05:44Z           1           1            0             0(0)       0(0)             0             0        55102        133632            ∞           1           1
2015-11-01T15:05:44Z           1           1            0             0(0)       0(0)             0             0        55102        133632            ∞           1           1
2015-11-01T15:05:44Z           1           1            0             0(0)       0(0)             0             0        55102        133632            ∞           1           1
2015-11-01T15:05:44Z           1           1            0             0(0)       0(0)             0             0        55102        133632            ∞           1           1
2015-11-01T15:05:45Z           1           1            0             0(0)       0(0)             0             0        55102        133632            ∞           1           1
2015-11-01T15:05:45Z           1           1            0             0(0)       0(0)             0             0        55102        133632            ∞           1           1
2015-11-01T15:05:45Z           1           1            0             0(0)       0(0)             0             0        55102        133632            ∞           1           1
2015-11-01T15:05:45Z           1           1            0             0(0)       0(0)             0             0        55207        133632            ∞           1           1
2015-11-01T15:05:46Z           1           1            0             0(0)       0(0)             0             0        55207        133632            ∞           1           1
2015-11-01T15:05:46Z           1           1            0             0(0)       0(0)             0             0        55207        133632            ∞           1           1
2015-11-01T15:05:46Z           1           1            0             0(0)       0(0)             0             0        55207        133632            ∞           1           1
2015-11-01T15:05:47Z           1           1            0             0(0)       0(0)             0             0        55207        133632            ∞           1           1
2015-11-01T15:05:47Z           1           1            0             0(0)       0(0)             0             0        55207        133632            ∞           1           1
2015-11-01T15:05:47Z           1           1            0             0(0)       0(0)             0             0        55207        133632            ∞           1           1
2015-11-01T15:05:57Z           1           1            0             0(0)       0(0)             0             0        55207        133632            ∞           1           1
2015-11-01T15:06:42Z           1           1            0             0(0)       0(0)             0             0        55207        133632            ∞           1           1
2015-11-01T15:06:42Z           1           1            0             0(0)       0(0)             0             0        55313        133632            ∞           1           1
2015-11-01T15:06:57Z           1           1            0             0(0)       0(0)             0             0        71334        133632            ∞           1           1
2015-11-01T15:07:17Z           1           1            0             0(0)       0(0)             0             0        71334        133632            ∞           1           1
2015-11-01T15:07:37Z           1           1            0             0(0)       0(0)             0             0        71691        133632            ∞           1           1
2015-11-01T15:07:57Z           1           1            0             0(0)       0(0)             0             0        71691        133632            ∞           1           1
2015-11-01T15:08:17Z           1           1            0             0(0)       0(0)             0             0        71691        133632            ∞           1           1
2015-11-01T15:08:37Z           1           1            0             0(0)       0(0)             0             0        71691        133632            ∞           1           1
2015-11-01T15:08:57Z           1           1            0             0(0)       0(0)             0             0        72883        133632            ∞           1           1
2015-11-01T15:09:17Z           1           1            0             0(0)       0(0)             0             0        72883        133632            ∞           1           1
2015-11-01T15:09:37Z           1           1            0             0(0)       0(0)             0             0        72883        133632            ∞           1           1
2015-11-01T15:09:57Z           1           1            0             0(0)       0(0)             0             0        72989        133632            ∞           1           1
2015-11-01T15:10:17Z           1           1            0             0(0)       0(0)             0             0        72989        133632            ∞           1           1
2015-11-01T15:10:37Z           1           1            0             0(0)       0(0)             0             0        72989        133632            ∞           1           1
2015-11-01T15:10:57Z           1           1            0             0(0)       0(0)             0             0        73095        133632            ∞           1           1
2015-11-01T15:11:03Z CRAWL RUNNING - Running
2015-11-01T15:11:17Z           4           2            2           0.1(0)       0(0)             0             0       167679        229376            1           2           2
2015-11-01T15:11:37Z           4           2            2             0(0)       0(0)             0             0       174005        229376            1           2           2
2015-11-01T15:11:57Z          31          26            5       0.15(0.01)       1(0)             0             0       179283        229376         1.33          17           6
2015-11-01T15:12:17Z          31          26            5          0(0.01)       0(0)             0             0       179283        229376         1.33          17           6
2015-11-01T15:12:32Z CRAWL WAITING - Pausing - Waiting for threads to finish
2015-11-01T15:12:37Z          31          26            5          0(0.01)       0(0)             0             0       179283        229376         1.33          17           6
2015-11-01T15:13:08Z          31          26            5          0(0.01)       0(0)             0             0        64334        229376         1.33          17           6
2015-11-01T15:13:17Z          31          26            5          0(0.01)       0(0)             0             0        64334        229376         1.33          17           6
2015-11-01T15:13:37Z          31          26            5          0(0.01)       0(0)             0             0        86777        229376         1.33          17           6
2015-11-01T15:13:57Z          31          26            5          0(0.01)       0(0)             0             0        86777        229376         1.33          17           6
2015-11-01T15:14:17Z          31          26            5          0(0.01)       0(0)             0             0        86777        229376         1.33          17           6
2015-11-01T15:14:37Z          31          26            5          0(0.01)       0(0)             0             0        86777        229376         1.33          17           6
2015-11-01T15:14:57Z          31          26            5          0(0.01)       0(0)             0             0        86777        229376         1.33          17           6
2015-11-01T15:15:17Z          31          26            5          0(0.01)       0(0)             0             0        86777        229376         1.33          17           6
2015-11-01T15:15:37Z          31          26            5          0(0.01)       0(0)             0             0        86777        229376         1.33          17           6
2015-11-01T15:15:57Z          31          26            5          0(0.01)       0(0)             0             0        86777        229376         1.33          17           6
2015-11-01T15:16:17Z          31          26            5          0(0.01)       0(0)             0             0        86899        229376         1.33          17           6
2015-11-01T15:16:37Z          31          26            5          0(0.01)       0(0)             0             0        86899        229376         1.33          17           6
2015-11-01T15:16:57Z          31          26            5          0(0.01)       0(0)             0             0        86899        229376         1.33          17           6
2015-11-01T15:17:17Z          31          26            5          0(0.01)       0(0)             0             0        86899        229376         1.33          17           6
2015-11-01T15:17:37Z          31          26            5          0(0.01)       0(0)             0             0        86899        229376         1.33          17           6
2015-11-01T15:17:57Z          31          26            5          0(0.01)       0(0)             0             0        86899        229376         1.33          17           6
2015-11-01T15:18:17Z          31          26            5          0(0.01)       0(0)             0             0        86899        229376         1.33          17           6
2015-11-01T15:18:37Z          31          26            5          0(0.01)       0(0)             0             0        86899        229376         1.33          17           6
2015-11-01T15:18:57Z          31          26            5          0(0.01)       0(0)             0             0        86899        229376         1.33          17           6
2015-11-01T15:19:17Z          31          26            5          0(0.01)       0(0)             0             0        86899        229376         1.33          17           6
2015-11-01T15:19:37Z          31          26            5          0(0.01)       0(0)             0             0        87021        229376         1.33          17           6
2015-11-01T15:19:57Z          31          26            5          0(0.01)       0(0)             0             0        87021        229376         1.33          17           6
2015-11-01T15:20:17Z          31          26            5          0(0.01)       0(0)             0             0        87021        229376         1.33          17           6
2015-11-01T15:20:37Z          31          26            5             0(0)       0(0)             0             0        87021        229376         1.33          17           6
2015-11-01T15:20:57Z          31          26            5             0(0)       0(0)             0             0        87021        229376         1.33          17           6
2015-11-01T15:21:17Z          31          26            5             0(0)       0(0)             0             0        87021        229376         1.33          17           6
2015-11-01T15:21:37Z          31          26            5             0(0)       0(0)             0             0        87021        229376         1.33          17           6
2015-11-01T15:21:57Z          31          26            5             0(0)       0(0)             0             0        87021        229376         1.33          17           6
2015-11-01T15:22:17Z          31          26            5             0(0)       0(0)             0             0        87021        229376         1.33          17           6
2015-11-01T15:22:37Z          31          26            5             0(0)       0(0)             0             0        87021        229376         1.33          17           6
2015-11-01T15:22:57Z          31          26            5             0(0)       0(0)             0             0        87143        229376         1.33          17           6
2015-11-01T15:23:17Z          31          26            5             0(0)       0(0)             0             0        87143        229376         1.33          17           6
2015-11-01T15:23:37Z          31          26            5             0(0)       0(0)             0             0        87143        229376         1.33          17           6
2015-11-01T15:23:57Z          31          26            5             0(0)       0(0)             0             0        87143        229376         1.33          17           6
2015-11-01T15:24:17Z          31          26            5             0(0)       0(0)             0             0        87143        229376         1.33          17           6
2015-11-01T15:24:37Z          31          26            5             0(0)       0(0)             0             0        87143        229376         1.33          17           6
2015-11-01T15:24:57Z          31          26            5             0(0)       0(0)             0             0        87143        229376         1.33          17           6
2015-11-01T15:25:17Z          31          26            5             0(0)       0(0)             0             0        87143        229376         1.33          17           6
2015-11-01T15:25:37Z          31          26            5             0(0)       0(0)             0             0        87143        229376         1.33          17           6
2015-11-01T15:25:57Z          31          26            5             0(0)       0(0)             0             0        87143        229376         1.33          17           6
2015-11-01T18:26:16Z          31          26            5             0(0)       0(0)             0             0        87143        229376         1.33          17           6
2015-11-01T18:26:36Z          31          26            5             0(0)       0(0)             0             0        87265        229376         1.33          17           6
2015-11-02T02:21:05Z          31          26            5             0(0)       0(0)             0             0        87265        229376         1.33          17           6
2015-11-02T02:21:06Z          31          26            5             0(0)       0(0)             0             0        87265        229376         1.33          17           6
2015-11-02T02:21:18Z          31          26            5             0(0)       0(0)             0             0        87265        229376         1.33          17           6
2015-11-02T02:21:38Z          31          26            5             0(0)       0(0)             0             0        87265        229376         1.33          17           6
2015-11-02T02:21:58Z          31          26            5             0(0)       0(0)             0             0        87265        229376         1.33          17           6
2015-11-02T02:22:18Z          31          26            5             0(0)       0(0)             0             0        87265        229376         1.33          17           6
2015-11-02T02:22:38Z          31          26            5             0(0)       0(0)             0             0        87265        229376         1.33          17           6
2015-11-02T02:22:58Z          31          26            5             0(0)       0(0)             0             0        87265        229376         1.33          17           6
2015-11-02T02:23:18Z          31          26            5             0(0)       0(0)             0             0        87265        229376         1.33          17           6
2015-11-02T02:23:38Z          31          26            5             0(0)       0(0)             0             0        87388        229376         1.33          17           6
2015-11-02T02:23:58Z          31          26            5             0(0)       0(0)             0             0        87388        229376         1.33          17           6
2015-11-02T02:24:18Z          31          26            5             0(0)       0(0)             0             0        87388        229376         1.33          17           6
2015-11-02T02:24:38Z          31          26            5             0(0)       0(0)             0             0        87388        229376         1.33          17           6
2015-11-02T02:24:58Z          31          26            5             0(0)       0(0)             0             0        87388        229376         1.33          17           6
2015-11-02T02:25:18Z          31          26            5             0(0)       0(0)             0             0        87504        229376         1.33          17           6
2015-11-02T02:25:38Z          31          26            5             0(0)       0(0)             0             0        87504        229376         1.33          17           6
2015-11-02T02:25:58Z          31          26            5             0(0)       0(0)             0             0        87504        229376         1.33          17           6
2015-11-02T02:26:18Z          31          26            5             0(0)       0(0)             0             0        87504        229376         1.33          17           6
2015-11-02T02:26:38Z          31          26            5             0(0)       0(0)             0             0        87504        229376         1.33          17           6
2015-11-02T02:26:58Z          31          26            5             0(0)       0(0)             0             0        87626        229376         1.33          17           6
2015-11-02T02:27:18Z          31          26            5             0(0)       0(0)             0             0        87626        229376         1.33          17           6
2015-11-02T02:27:38Z          31          26            5             0(0)       0(0)             0             0        87626        229376         1.33          17           6
2015-11-02T02:27:58Z          31          26            5             0(0)       0(0)             0             0        87626        229376         1.33          17           6
2015-11-02T02:28:18Z          31          26            5             0(0)       0(0)             0             0        87626        229376         1.33          17           6
2015-11-02T02:28:38Z          31          26            5             0(0)       0(0)             0             0        87626        229376         1.33          17           6
2015-11-02T02:28:58Z          31          26            5             0(0)       0(0)             0             0        87626        229376         1.33          17           6
2015-11-02T02:29:18Z          31          26            5             0(0)       0(0)             0             0        87626        229376         1.33          17           6
2015-11-02T02:29:38Z          31          26            5             0(0)       0(0)             0             0        87626        229376         1.33          17           6
2015-11-02T02:29:58Z          31          26            5             0(0)       0(0)             0             0        87626        229376         1.33          17           6
2015-11-02T02:30:18Z          31          26            5             0(0)       0(0)             0             0        87749        229376         1.33          17           6
2015-11-02T02:30:38Z          31          26            5             0(0)       0(0)             0             0        87749        229376         1.33          17           6
2015-11-02T02:30:58Z          31          26            5             0(0)       0(0)             0             0        87749        229376         1.33          17           6
2015-11-02T02:31:18Z          31          26            5             0(0)       0(0)             0             0        87749        229376         1.33          17           6
2015-11-02T02:31:38Z          31          26            5             0(0)       0(0)             0             0        87749        229376         1.33          17           6
2015-11-02T02:31:58Z          31          26            5             0(0)       0(0)             0             0        87749        229376         1.33          17           6
2015-11-02T02:32:18Z          31          26            5             0(0)       0(0)             0             0        87749        229376         1.33          17           6
2015-11-02T02:32:38Z          31          26            5             0(0)       0(0)             0             0        87749        229376         1.33          17           6
2015-11-02T02:32:58Z          31          26            5             0(0)       0(0)             0             0        87749        229376         1.33          17           6
2015-11-02T02:33:18Z          31          26            5             0(0)       0(0)             0             0        87749        229376         1.33          17           6
2015-11-02T02:33:38Z          31          26            5             0(0)       0(0)             0             0        87872        229376         1.33          17           6
2015-11-02T02:33:58Z          31          26            5             0(0)       0(0)             0             0        87872        229376         1.33          17           6
2015-11-02T02:34:18Z          31          26            5             0(0)       0(0)             0             0        87872        229376         1.33          17           6
2015-11-02T02:34:38Z          31          26            5             0(0)       0(0)             0             0        87872        229376         1.33          17           6
2015-11-02T02:34:58Z          31          26            5             0(0)       0(0)             0             0        87872        229376         1.33          17           6
2015-11-02T02:35:18Z          31          26            5             0(0)       0(0)             0             0        87872        229376         1.33          17           6
2015-11-02T02:35:38Z          31          26            5             0(0)       0(0)             0             0        87872        229376         1.33          17           6
2015-11-02T02:35:58Z          31          26            5             0(0)       0(0)             0             0        87872        229376         1.33          17           6
2015-11-02T02:36:18Z          31          26            5             0(0)       0(0)             0             0        87872        229376         1.33          17           6
2015-11-02T02:36:38Z          31          26            5             0(0)       0(0)             0             0        87872        229376         1.33          17           6
2015-11-02T02:36:58Z          31          26            5             0(0)       0(0)             0             0        87994        229376         1.33          17           6
2015-11-02T02:37:18Z          31          26            5             0(0)       0(0)             0             0        87994        229376         1.33          17           6
2015-11-02T02:37:38Z          31          26            5             0(0)       0(0)             0             0        87994        229376         1.33          17           6
2015-11-02T02:37:58Z          31          26            5             0(0)       0(0)             0             0        87994        229376         1.33          17           6
2015-11-02T02:38:18Z          31          26            5             0(0)       0(0)             0             0        87994        229376         1.33          17           6
2015-11-02T02:38:38Z          31          26            5             0(0)       0(0)             0             0        87994        229376         1.33          17           6
2015-11-02T02:38:58Z          31          26            5             0(0)       0(0)             0             0        87994        229376         1.33          17           6
2015-11-02T02:39:18Z          31          26            5             0(0)       0(0)             0             0        87994        229376         1.33          17           6
2015-11-02T02:39:38Z          31          26            5             0(0)       0(0)             0             0        87994        229376         1.33          17           6
2015-11-02T02:39:58Z          31          26            5             0(0)       0(0)             0             0        87994        229376         1.33          17           6
2015-11-02T02:40:18Z          31          26            5             0(0)       0(0)             0             0        88116        229376         1.33          17           6
2015-11-02T02:40:38Z          31          26            5             0(0)       0(0)             0             0        88116        229376         1.33          17           6
2015-11-02T02:40:58Z          31          26            5             0(0)       0(0)             0             0        88116        229376         1.33          17           6
2015-11-02T02:41:18Z          31          26            5             0(0)       0(0)             0             0        88116        229376         1.33          17           6
2015-11-02T02:41:38Z          31          26            5             0(0)       0(0)             0             0        88116        229376         1.33          17           6
2015-11-02T02:41:58Z          31          26            5             0(0)       0(0)             0             0        88116        229376         1.33          17           6
2015-11-02T02:42:18Z          31          26            5             0(0)       0(0)             0             0        88116        229376         1.33          17           6
2015-11-02T02:42:38Z          31          26            5             0(0)       0(0)             0             0        88116        229376         1.33          17           6
2015-11-02T02:42:58Z          31          26            5             0(0)       0(0)             0             0        88116        229376         1.33          17           6
2015-11-02T02:43:18Z          31          26            5             0(0)       0(0)             0             0        88232        229376         1.33          17           6
2015-11-02T02:43:38Z          31          26            5             0(0)       0(0)             0             0        88354        229376         1.33          17           6
2015-11-02T02:43:58Z          31          26            5             0(0)       0(0)             0             0        88354        229376         1.33          17           6
2015-11-02T02:44:18Z          31          26            5             0(0)       0(0)             0             0        88354        229376         1.33          17           6
2015-11-02T02:44:38Z          31          26            5             0(0)       0(0)             0             0        88354        229376         1.33          17           6
2015-11-02T02:44:58Z          31          26            5             0(0)       0(0)             0             0        88354        229376         1.33          17           6
2015-11-02T02:45:18Z          31          26            5             0(0)       0(0)             0             0        88354        229376         1.33          17           6
2015-11-02T02:45:38Z          31          26            5             0(0)       0(0)             0             0        88354        229376         1.33          17           6
2015-11-02T02:45:58Z          31          26            5             0(0)       0(0)             0             0        88354        229376         1.33          17           6
2015-11-02T02:46:18Z          31          26            5             0(0)       0(0)             0             0        88354        229376         1.33          17           6
2015-11-02T02:46:38Z          31          26            5             0(0)       0(0)             0             0        88354        229376         1.33          17           6
2015-11-02T02:46:58Z          31          26            5             0(0)       0(0)             0             0        88476        229376         1.33          17           6
2015-11-02T02:47:18Z          31          26            5             0(0)       0(0)             0             0        88476        229376         1.33          17           6
2015-11-02T02:47:38Z          31          26            5             0(0)       0(0)             0             0        88476        229376         1.33          17           6
2015-11-02T02:47:58Z          31          26            5             0(0)       0(0)             0             0        88476        229376         1.33          17           6
2015-11-02T02:48:18Z          31          26            5             0(0)       0(0)             0             0        88476        229376         1.33          17           6
2015-11-02T02:48:38Z          31          26            5             0(0)       0(0)             0             0        88476        229376         1.33          17           6
2015-11-02T02:48:58Z          31          26            5             0(0)       0(0)             0             0        88476        229376         1.33          17           6
2015-11-02T02:49:18Z          31          26            5             0(0)       0(0)             0             0        88476        229376         1.33          17           6
2015-11-02T02:49:38Z          31          26            5             0(0)       0(0)             0             0        89828        229376         1.33          17           6
2015-11-02T02:49:58Z          31          26            5             0(0)       0(0)             0             0        89828        229376         1.33          17           6
2015-11-02T02:50:18Z          31          26            5             0(0)       0(0)             0             0        89950        229376         1.33          17           6
2015-11-02T02:50:38Z          31          26            5             0(0)       0(0)             0             0        89950        229376         1.33          17           6
2015-11-02T02:50:58Z          31          26            5             0(0)       0(0)             0             0        89950        229376         1.33          17           6
2015-11-02T02:51:18Z          31          26            5             0(0)       0(0)             0             0        89950        229376         1.33          17           6
2015-11-02T02:51:38Z          31          26            5             0(0)       0(0)             0             0        89950        229376         1.33          17           6
2015-11-02T02:51:58Z          31          26            5             0(0)       0(0)             0             0        90066        229376         1.33          17           6
2015-11-02T02:52:18Z          31          26            5             0(0)       0(0)             0             0        90066        229376         1.33          17           6
2015-11-02T02:52:38Z          31          26            5             0(0)       0(0)             0             0        90066        229376         1.33          17           6
2015-11-02T02:52:58Z          31          26            5             0(0)       0(0)             0             0        90066        229376         1.33          17           6
2015-11-02T02:53:18Z          31          26            5             0(0)       0(0)             0             0        90066        229376         1.33          17           6
2015-11-02T02:53:38Z          31          26            5             0(0)       0(0)             0             0        90188        229376         1.33          17           6
