2015-10-31T07:46:50.533Z     1        129 dns:www.douban.com P http://www.douban.com/note/500460222/ text/dns #008 20151031074649346+670 sha1:QQRASWRYU6WWGXQEJQ7UJNHHPOOWV2ON - -
2015-10-31T07:46:54.716Z   200        588 http://www.douban.com/robots.txt P http://www.douban.com/note/500460222/ text/plain #015 20151031074654360+349 sha1:YIZWZLB5YLNAQZNKAAZ3GRMN5K6DGRM6 - -
2015-10-31T07:46:58.107Z   200      37142 http://www.douban.com/note/500460222/ - - text/html #015 20151031074657733+275 sha1:3CWJXL2X7UE7NZBY3WKFSUFOOX67PYM6 - 3t
2015-10-31T07:46:58.201Z     1        287 dns:img3.douban.com EP http://img3.douban.com/f/shire/72ced6df41d4d158420cebdd254f9562942464e3/js/jquery.min.js text/dns #015 20151031074658114+86 sha1:KZPKOJOVIJ2XUTUMZSI4SSIVZJSO2JO2 - -
2015-10-31T07:46:58.258Z     1        135 dns:erebor.douban.com XP http://erebor.douban.com/ text/dns #015 20151031074658208+49 sha1:WSNGAHZGVAPPOKCA7IOZG4XQYUAFAAZ4 - -
2015-10-31T07:46:58.360Z     1         54 dns:so.360.cn XP http://so.360.cn/ text/dns #015 20151031074658266+93 sha1:YZP2M2VOX2E57HCGJZZYHLCSC4TPMWYH - -
2015-10-31T07:47:01.449Z   200         26 http://erebor.douban.com/robots.txt XP http://erebor.douban.com/ text/plain #012 20151031074701380+67 sha1:MNSXZO35OCDMK2YM2TS4NGM3W2BWMSDI - -
2015-10-31T07:47:01.473Z   200         31 http://img3.douban.com/robots.txt EP http://img3.douban.com/f/shire/72ced6df41d4d158420cebdd254f9562942464e3/js/jquery.min.js text/plain #014 20151031074701376+95 sha1:U3DIMEOONORBWNLCBCZBQUSSSJDILGKD - -
2015-10-31T07:47:01.524Z   404      31067 http://www.douban.com/note/500460222/MZQ0ET/2Sck X http://www.douban.com/note/500460222/ text/html #020 20151031074701367+138 sha1:YW2E4A4BXZB2MYAAIHW3LASEWXE3ENN5 - -
2015-10-31T07:47:01.538Z   301        178 http://so.360.cn/robots.txt XP http://so.360.cn/ text/html #007 20151031074701382+151 sha1:QH732FYSV7UM34JYWVYMB7EZGR2CYM6B - -
2015-10-31T07:47:01.570Z     1         54 dns:www.haosou.com XPRP http://www.haosou.com/robots.txt?&_jmp=1 text/dns #007 20151031074701545+24 sha1:ZWTYDT6PB4MT5SCJNHGLRE7GIZQCNCYJ - -
2015-10-31T07:47:04.465Z -9998          - http://erebor.douban.com/ X http://www.douban.com/note/500460222/ unknown #012 - - - 3t
2015-10-31T07:47:04.702Z   200      78587 http://img3.douban.com/f/shire/72ced6df41d4d158420cebdd254f9562942464e3/js/jquery.min.js E http://www.douban.com/note/500460222/ application/x-javascript #014 20151031074704488+179 sha1:OLHNNX2B2TIVQQQM5POSKT4VMKKCIZHD - 3t
2015-10-31T07:47:04.742Z   200         79 http://www.haosou.com/robots.txt?&_jmp=1 XPR http://so.360.cn/robots.txt text/plain #008 20151031074704586+154 sha1:JCWTA6MZNLROUZP7AOQWIDXGRK63X7JH - 2t
2015-10-31T07:47:04.770Z   301        178 http://so.360.cn/ X http://www.douban.com/note/500460222/ text/html #007 20151031074704578+186 sha1:QH732FYSV7UM34JYWVYMB7EZGR2CYM6B - 3t
2015-10-31T07:47:04.880Z   200      93772 http://www.douban.com/ X http://www.douban.com/note/500460222/ text/html #020 20151031074704540+207 sha1:3UAZ5V6THUVWOZUDKJL23JGCI7YAW6VE - -
2015-10-31T07:47:04.989Z     1        180 dns:img4.douban.com XEP http://img4.douban.com/img/files/file-1431585796.jpg text/dns #020 20151031074704884+104 sha1:UI6RRSBQKY56VMYC7SVRC2T3Q67T6PLZ - -
2015-10-31T07:47:05.027Z     1        133 dns:img3.doubanio.com XEP http://img3.doubanio.com/view/dianpu_shop_icon/medium/public/a6865d744924a19.jpg text/dns #020 20151031074704995+32 sha1:GUZUWBYGXNMOUHMTD3D7LD5BPMQLBPVQ - -
2015-10-31T07:47:07.924Z   301        178 http://so.360.cn/favicon.ico XI http://so.360.cn/ text/html #007 20151031074707782+138 sha1:QH732FYSV7UM34JYWVYMB7EZGR2CYM6B - -
2015-10-31T07:47:07.933Z   200      55672 http://img3.douban.com/f/shire/e4d301029a110cc88722e153847a9588953e418f/js/douban.js E http://www.douban.com/note/500460222/ application/x-javascript #014 20151031074707710+102 sha1:4TJQCAU2CEGMRBZC4FJYI6UVRCKT4QMP - -
2015-10-31T07:47:07.956Z     1        132 dns:movie.douban.com EXP http://movie.douban.com/ticket/coupon/ text/dns #014 20151031074707941+15 sha1:77OC2IPKIAA6Q4D6Z65FNDWBQNGIUOQC - -
2015-10-31T07:47:07.981Z   200       5686 http://www.douban.com/favicon.ico PI http://www.douban.com/robots.txt image/x-icon #007 20151031074707928+52 sha1:3YA7CD2XWKXHKEREY3I2DE527UXQFXMJ - -
2015-10-31T07:47:08.149Z   200         51 http://img4.douban.com/robots.txt XEP http://img4.douban.com/img/files/file-1431585796.jpg text/plain #020 20151031074708043+103 sha1:UP3WPLZKBNGRRUO7FPL2OFSWVYWQIDWP - -
2015-10-31T07:47:08.253Z     1        120 dns:douban.com EXP http://douban.com/ text/dns #014 20151031074707961+291 sha1:M6MY2S77K7SNNEKFM7SDU7PEFS7W23KT - -
2015-10-31T07:47:08.268Z   200         31 http://img3.doubanio.com/robots.txt XEP http://img3.doubanio.com/view/dianpu_shop_icon/medium/public/a6865d744924a19.jpg text/plain #020 20151031074708151+116 sha1:U3DIMEOONORBWNLCBCZBQUSSSJDILGKD - -
2015-10-31T07:47:08.283Z   200     215190 http://www.haosou.com/?src=so.360.cn XR http://so.360.cn/ text/html #008 20151031074707749+397 sha1:7VGUNA5A2K4QYIKPTRC2HIEQBS3RCSJH - usingCharsetInHTML:UTF-8
2015-10-31T07:47:08.341Z     1        165 dns:s0.qhimg.com XREP http://s0.qhimg.com/ text/dns #014 20151031074708262+79 sha1:4AWQAGILMWOLNXZPZKUSZAFKOADOQIWN - -
2015-10-31T07:47:08.368Z     1        165 dns:s1.qhimg.com XREP http://s1.qhimg.com/ text/dns #020 20151031074708276+91 sha1:4AWQAGILMWOLNXZPZKUSZAFKOADOQIWN - -
2015-10-31T07:47:08.385Z     1        123 dns:p0.qhimg.com XREP http://p0.qhimg.com/ text/dns #008 20151031074708289+95 sha1:MZAJ4DQLCKNOFJBCPRJ7NEMYM5VXMANO - -
2015-10-31T07:47:08.392Z     1        165 dns:p1.qhimg.com XREP http://p1.qhimg.com/ text/dns #014 20151031074708345+47 sha1:L7GT2MR5MQFYLCRH5FX26JTGOQEEVEEB - -
2015-10-31T07:47:08.471Z     1        165 dns:p6.qhimg.com XREP http://p6.qhimg.com/t01302112134715a407.png text/dns #017 20151031074708428+42 sha1:L7GT2MR5MQFYLCRH5FX26JTGOQEEVEEB - -
2015-10-31T07:47:08.489Z     1        109 dns:p4.qhimg.com XREP http://p4.qhimg.com/t01054729d647fc0806.png text/dns #008 20151031074708390+98 sha1:YU4YEFR5L42JWLHPZCVWPW3X3R2EFIXQ - -
2015-10-31T07:47:08.514Z     1        109 dns:p2.qhimg.com XREP http://p2.qhimg.com/t01f83ed61804dd2efe.png text/dns #014 20151031074708397+117 sha1:LLJNOHFF3WPERE6TTMTBRN6AUEMJHQOT - -
2015-10-31T07:47:08.525Z     1        165 dns:js.passport.qihucdn.com XREP http://js.passport.qihucdn.com/5.0.3.js text/dns #025 20151031074708429+95 sha1:4AWQAGILMWOLNXZPZKUSZAFKOADOQIWN - -
2015-10-31T07:47:08.536Z     1        165 dns:s2.qhimg.com XREP http://s2.qhimg.com/!c55d05e7/iepngfix.js text/dns #015 20151031074708429+107 sha1:MXU3D2LGGVSQYJH7UUXQLGOETK6GBWF5 - -
2015-10-31T07:47:08.536Z     1        165 dns:s4.qhimg.com XREP http://s4.qhimg.com/static/2b20ea22656cb3da.css text/dns #003 20151031074708428+108 sha1:L7GT2MR5MQFYLCRH5FX26JTGOQEEVEEB - -
2015-10-31T07:47:08.566Z     1        123 dns:p3.qhimg.com XREP http://p3.qhimg.com/t0130d534f78328a828.png text/dns #001 20151031074708428+138 sha1:U5PSU3EQ2W7ACTQNSJVJMLJYBXL7OUKL - -
2015-10-31T07:47:08.573Z     1        123 dns:p5.qhimg.com XREP http://p5.qhimg.com/t01512497e6e7151b1f.png text/dns #023 20151031074708426+146 sha1:MZAJ4DQLCKNOFJBCPRJ7NEMYM5VXMANO - -
2015-10-31T07:47:08.815Z     1         97 dns:s.qhupdate.com XREP http://s.qhupdate.com/so/click.gif?pro=so&pid=home&mod=noscript&t=1446277627 text/dns #020 20151031074708374+441 sha1:6BVK3YDVZXQQG55MPVS3Y332NHTWI3IF - -
2015-10-31T07:47:11.262Z   200     135194 http://img3.douban.com/f/shire/5328679eb1a2f1b74fab599028a86e9ef2d0375a/css/douban.css E http://www.douban.com/note/500460222/ text/css #007 20151031074710992+124 sha1:KMUGPHVRULY3OT5LLGICRKDOT3ZNAN22 - -
2015-10-31T07:47:11.425Z -9998          - http://img3.doubanio.com/view/dianpu_shop_icon/medium/public/a6865d744924a19.jpg XE http://www.douban.com/ unknown #011 - - - 3t
2015-10-31T07:47:11.439Z -9998          - http://img3.doubanio.com/view/dianpu_product_item/medium/public/p175269.jpg XE http://www.douban.com/ unknown #019 - - - -
2015-10-31T07:47:11.442Z -9998          - http://img3.doubanio.com/view/dianpu_product_item/medium/public/p178459.jpg XE http://www.douban.com/ unknown #019 - - - -
2015-10-31T07:47:11.444Z -9998          - http://img3.doubanio.com/view/ypy_photo/square_large/public/39479.jpg XE http://www.douban.com/ unknown #019 - - - -
2015-10-31T07:47:11.513Z   200        588 http://movie.douban.com/robots.txt EXP http://movie.douban.com/ticket/coupon/ text/plain #024 20151031074711422+89 sha1:YIZWZLB5YLNAQZNKAAZ3GRMN5K6DGRM6 - -
2015-10-31T07:47:11.513Z   301        176 http://douban.com/robots.txt EXP http://douban.com/ text/html #011 20151031074711436+75 sha1:HS5WZJNQH7ODJHIVB3FUVTSULO76O2YU - -
2015-10-31T07:47:11.514Z   301        178 http://s0.qhimg.com/robots.txt XREP http://s0.qhimg.com/ text/html #018 20151031074711441+70 sha1:QH732FYSV7UM34JYWVYMB7EZGR2CYM6B - -
2015-10-31T07:47:11.527Z   301        178 http://s1.qhimg.com/robots.txt XREP http://s1.qhimg.com/ text/html #005 20151031074711440+86 sha1:QH732FYSV7UM34JYWVYMB7EZGR2CYM6B - -
2015-10-31T07:47:11.566Z   200      36310 http://www.douban.com/note/500460222/?type=rec L http://www.douban.com/note/500460222/ text/html #007 20151031074711267+280 sha1:VSGVOZXKKEE3NR5I5HIPS6ZMBZRUHLBD - -
2015-10-31T07:47:11.575Z   200       4286 http://www.haosou.com/favicon.ico?&_jmp=1 XIR http://so.360.cn/favicon.ico image/x-icon #013 20151031074711425+149 sha1:EBELUBA3X5KRJ2LVY6MFHXEH2QDQBUDT - -
2015-10-31T07:47:11.605Z   404        162 http://p1.qhimg.com/robots.txt XREP http://p1.qhimg.com/ text/html #022 20151031074711441+163 sha1:TFF4MZ3SBQQSK5IA4KIDRQNF6YPCLWQ6 - -
2015-10-31T07:47:11.606Z   301        178 http://s2.qhimg.com/robots.txt XREP http://s2.qhimg.com/!c55d05e7/iepngfix.js text/html #025 20151031074711544+60 sha1:QH732FYSV7UM34JYWVYMB7EZGR2CYM6B - -
2015-10-31T07:47:11.611Z   404        162 http://p6.qhimg.com/robots.txt XREP http://p6.qhimg.com/t01302112134715a407.png text/html #017 20151031074711483+127 sha1:TFF4MZ3SBQQSK5IA4KIDRQNF6YPCLWQ6 - -
2015-10-31T07:47:11.644Z   404        162 http://p0.qhimg.com/robots.txt XREP http://p0.qhimg.com/ text/html #004 20151031074711441+202 sha1:TFF4MZ3SBQQSK5IA4KIDRQNF6YPCLWQ6 - -
2015-10-31T07:47:11.645Z   404        168 http://js.passport.qihucdn.com/robots.txt XREP http://js.passport.qihucdn.com/5.0.3.js text/html #005 20151031074711532+111 sha1:VT5YZSCIDRXTAUVCAEFMNFFXH6QRYALH - -
2015-10-31T07:47:11.645Z   404        162 http://p4.qhimg.com/robots.txt XREP http://p4.qhimg.com/t01054729d647fc0806.png text/html #008 20151031074711502+141 sha1:TFF4MZ3SBQQSK5IA4KIDRQNF6YPCLWQ6 - -
2015-10-31T07:47:11.683Z   404        162 http://p2.qhimg.com/robots.txt XREP http://p2.qhimg.com/t01f83ed61804dd2efe.png text/html #011 20151031074711520+162 sha1:TFF4MZ3SBQQSK5IA4KIDRQNF6YPCLWQ6 - -
2015-10-31T07:47:11.684Z   301        178 http://s4.qhimg.com/robots.txt XREP http://s4.qhimg.com/static/2b20ea22656cb3da.css text/html #015 20151031074711547+135 sha1:QH732FYSV7UM34JYWVYMB7EZGR2CYM6B - -
2015-10-31T07:47:11.713Z   404        162 http://p3.qhimg.com/robots.txt XREP http://p3.qhimg.com/t0130d534f78328a828.png text/html #007 20151031074711570+142 sha1:TFF4MZ3SBQQSK5IA4KIDRQNF6YPCLWQ6 - -
2015-10-31T07:47:11.769Z   404        162 http://p5.qhimg.com/robots.txt XREP http://p5.qhimg.com/t01512497e6e7151b1f.png text/html #013 20151031074711580+188 sha1:TFF4MZ3SBQQSK5IA4KIDRQNF6YPCLWQ6 - -
2015-10-31T07:47:11.821Z   200     182451 http://img4.douban.com/img/files/file-1431585796.jpg XE http://www.douban.com/ image/jpeg #010 20151031074711422+392 sha1:N3MHQO7CEUGOUWD6TE6IT6XQ24SGKUTC - 3t
2015-10-31T07:47:11.929Z   404        168 http://s.qhupdate.com/robots.txt XREP http://s.qhupdate.com/so/click.gif?pro=so&pid=home&mod=noscript&t=1446277627 text/html #010 20151031074711825+103 sha1:NBUOPG6GXLM2TOQM6BNYGTGBOBAQEKP3 - -
2015-10-31T07:47:14.530Z   200        148 http://img3.douban.com/f/shire/d1faa0a30ffb71000e12b67d560940566eb51bac/css/lib/jquery.ui.tooltip.css E http://www.douban.com/note/500460222/ text/css #002 20151031074714434+95 sha1:2H5KBIYP7NYQADQSWZ6VMCKAKZXLKG5M - -
2015-10-31T07:47:14.614Z   301        176 http://douban.com/ EX http://img3.douban.com/f/shire/e4d301029a110cc88722e153847a9588953e418f/js/douban.js text/html #024 20151031074714530+83 sha1:HS5WZJNQH7ODJHIVB3FUVTSULO76O2YU - 3t
2015-10-31T07:47:14.615Z   200        612 http://s0.qhimg.com/ XRE http://www.haosou.com/?src=so.360.cn text/plain #014 20151031074714541+72 sha1:PXLRV7H3CTQQL2ALBQGX7TRXBIUKIHYK - 3t
2015-10-31T07:47:14.619Z   200        612 http://s1.qhimg.com/ XRE http://www.haosou.com/?src=so.360.cn text/plain #002 20151031074714533+85 sha1:PXLRV7H3CTQQL2ALBQGX7TRXBIUKIHYK - 3t
2015-10-31T07:47:14.620Z   302        127 http://movie.douban.com/ticket/coupon/ EX http://img3.douban.com/f/shire/e4d301029a110cc88722e153847a9588953e418f/js/douban.js text/plain #018 20151031074714530+88 sha1:NFDINFDU4ZP4IPGPDTOH6M7E2PBGQXW2 - 3t
2015-10-31T07:47:14.685Z   200       1367 http://p6.qhimg.com/t01302112134715a407.png XRE http://www.haosou.com/?src=so.360.cn image/png #014 20151031074714618+65 sha1:MTLUQCWY3GO6YZ223QDIIF6DEVE34KMB - 3t
2015-10-31T07:47:14.687Z   200       6548 http://s2.qhimg.com/!c55d05e7/iepngfix.js XRE http://www.haosou.com/?src=so.360.cn application/x-javascript #024 20151031074714617+66 sha1:WMGZ4OXG5MJPRDPEK3XRISQYZEL7Y5MZ - 3t
2015-10-31T07:47:14.701Z   200       1730 http://p4.qhimg.com/t01054729d647fc0806.png XRE http://www.haosou.com/?src=so.360.cn image/png #005 20151031074714659+41 sha1:EJBYVU5HYXCC4UKEB7DH7QWH45PRWCCY - 3t
2015-10-31T07:47:14.703Z   200        199 http://js.passport.qihucdn.com/5.0.3.js XRE http://www.haosou.com/?src=so.360.cn application/x-javascript #004 20151031074714659+43 sha1:3OH5MZAHZ5UDPAHE7VQVZ4HZWC66K7WT - 3t
2015-10-31T07:47:14.721Z   200       5196 http://www.haosou.com/haosou.html?src=home XRR http://www.haosou.com/?src=so.360.cn text/html #023 20151031074714599+117 sha1:RWKUYUXIQ5WPJIPFUOQP65QOIABOC4VR - usingCharsetInHTML:UTF-8
2015-10-31T07:47:14.722Z   200       3694 http://p2.qhimg.com/t01f83ed61804dd2efe.png XRE http://www.haosou.com/?src=so.360.cn image/png #014 20151031074714688+34 sha1:X6ZKEBMFW3OYSML3BWOH5C4BXVVGESUY - 3t
2015-10-31T07:47:14.738Z   200       1404 http://s4.qhimg.com/static/2b20ea22656cb3da.css XRE http://www.haosou.com/?src=so.360.cn text/css #024 20151031074714690+46 sha1:5SSYHKEWAIOTPIO27UES6KFVME3GXZKP - 3t
2015-10-31T07:47:14.739Z   404        162 http://p1.qhimg.com/ XRE http://www.haosou.com/?src=so.360.cn text/html #022 20151031074714614+123 sha1:TFF4MZ3SBQQSK5IA4KIDRQNF6YPCLWQ6 - 3t
2015-10-31T07:47:14.810Z   200      35822 http://www.douban.com/note/500460222/?type=like L http://www.douban.com/note/500460222/ text/html #001 20151031074714591+203 sha1:VSZVNWUCFNFKLAFDW3WQ5CGDJK26H5WV - -
2015-10-31T07:47:14.843Z -9998          - http://img4.douban.com/view/dianpu_shop_icon/medium/public/92e663d5052311a.jpg XE http://www.douban.com/ unknown #020 - - - -
2015-10-31T07:47:14.845Z -9998          - http://img4.douban.com/view/dianpu_shop_icon/medium/public/d7c9403aca750a6.jpg XE http://www.douban.com/ unknown #020 - - - -
2015-10-31T07:47:14.847Z -9998          - http://img4.douban.com/view/dianpu_product_item/medium/public/p190097.jpg XE http://www.douban.com/ unknown #020 - - - -
2015-10-31T07:47:14.849Z -9998          - http://img4.douban.com/view/dianpu_product_item/medium/public/p178458.jpg XE http://www.douban.com/ unknown #020 - - - -
2015-10-31T07:47:14.850Z -9998          - http://img4.douban.com/view/ypy_photo/square_large/public/39476.jpg XE http://www.douban.com/ unknown #020 - - - -
2015-10-31T07:47:14.852Z -9998          - http://img4.douban.com/view/ypy_photo/square_large/public/39477.jpg XE http://www.douban.com/ unknown #020 - - - -
2015-10-31T07:47:14.854Z -9998          - http://img4.douban.com/view/ypy_photo/square_large/public/39478.jpg XE http://www.douban.com/ unknown #020 - - - -
2015-10-31T07:47:14.856Z   200      35397 http://p5.qhimg.com/t01512497e6e7151b1f.png XRE http://www.haosou.com/?src=so.360.cn image/png #013 20151031074714779+75 sha1:F2O6DY4D4WOCV6JSAZFNVMN3GEVYQYPF - 3t
2015-10-31T07:47:14.870Z   404        162 http://p0.qhimg.com/ XRE http://www.haosou.com/?src=so.360.cn text/html #008 20151031074714659+210 sha1:TFF4MZ3SBQQSK5IA4KIDRQNF6YPCLWQ6 - 3t
2015-10-31T07:47:14.871Z   200      12203 http://p3.qhimg.com/t0130d534f78328a828.png XRE http://www.haosou.com/?src=so.360.cn image/png #023 20151031074714723+147 sha1:GE3CT5XZZ5MDIUC7HB5B753KKZ7TWMJY - 3t
2015-10-31T07:47:15.051Z   200         43 http://s.qhupdate.com/so/click.gif?pro=so&pid=home&mod=noscript&t=1446277627 XRE http://www.haosou.com/?src=so.360.cn image/gif #010 20151031074714942+107 sha1:NI4IKTZOOBF4V5JXCKTFY6PPNDHRDYDK - 3t
2015-10-31T07:47:17.691Z   200       2058 http://img3.douban.com/f/shire/240320e5c41ed2023270f6b78621c0e9409e6b5b/css/doulist/tooltip.css E http://www.douban.com/note/500460222/ text/css #003 20151031074717572+113 sha1:EQBSBZOED3JAEMTQ623YMIOA5FAJ4223 - -
2015-10-31T07:47:17.893Z   200       4286 http://www.haosou.com/favicon.ico XRI http://www.haosou.com/?src=so.360.cn image/x-icon #014 20151031074717734+158 sha1:EBELUBA3X5KRJ2LVY6MFHXEH2QDQBUDT - -
2015-10-31T07:47:17.916Z   200       2554 http://p0.qhimg.com/t01391279e4f7c1c44d.png XRE http://www.haosou.com/?src=so.360.cn image/png #008 20151031074717884+31 sha1:WTNXHMKRZKFGJIHOQFB7QN23PNHOZATN - -
2015-10-31T07:47:17.983Z   200       4858 http://p2.qhimg.com/t0199a9ff160c535bd6.png XRE http://www.haosou.com/?src=so.360.cn image/png #007 20151031074717740+242 sha1:Z6JWE77MHZBREVPQMLGVHOUE4ZVBWLBN - -
2015-10-31T07:47:17.984Z   200        588 https://www.douban.com/robots.txt EXRP https://www.douban.com/accounts/login?redir=http%3A//movie.douban.com/ticket/coupon/ text/plain #001 20151031074717830+153 sha1:YIZWZLB5YLNAQZNKAAZ3GRMN5K6DGRM6 - -
2015-10-31T07:47:18.049Z   200     390843 http://p5.qhimg.com/d/inn/8507d318/fsfwee.jpg XRE http://www.haosou.com/?src=so.360.cn image/jpeg #020 20151031074717868+160 sha1:JDF5KVX77OJ2GWD5CDWTZCYDMJUL57II - -
2015-10-31T07:47:18.050Z   200        159 http://p4.qhimg.com/d/inn/c600cc2e/icon-redpoint.png XRE http://www.haosou.com/?src=so.360.cn image/png #005 20151031074717711+317 sha1:J6K57HX56UKOW75CJI3S43E7RWTDG3OS - -
2015-10-31T07:47:18.211Z   200         43 http://s.qhupdate.com/so/click.gif?pro=so&pid=home&mod=noscriptpage XRRE http://www.haosou.com/haosou.html?src=home image/gif #020 20151031074718051+159 sha1:NI4IKTZOOBF4V5JXCKTFY6PPNDHRDYDK - -
2015-10-31T07:47:18.818Z   200     146643 http://movie.douban.com/ EX http://img3.douban.com/f/shire/e4d301029a110cc88722e153847a9588953e418f/js/douban.js text/html #017 20151031074717630+1152 sha1:YT3MICRVGQFMRKM2IUSDEAN7S7664OUC - -
2015-10-31T07:47:19.427Z   200       2649 http://p1.qhimg.com/t01246eb9291235ab95.png XRE http://www.haosou.com/?src=so.360.cn image/png #024 20151031074717752+1674 sha1:6GYI2ORLUQA7MENZ5OTHHNKI4WDSKBFR - -
2015-10-31T07:47:20.782Z   200       1994 http://img3.douban.com/f/sns/d217844be1a2a6be9163d677deafa991e5ea8d17/css/sns/tag.css E http://www.douban.com/note/500460222/ text/css #003 20151031074720706+75 sha1:2ILYIS7BUKTL5ELD2Z355L5JSHS6VDIX - -
2015-10-31T07:47:21.008Z   200       5927 http://p0.qhimg.com/t01dc25048a4863c7bf.png XRE http://www.haosou.com/?src=so.360.cn image/png #008 20151031074720932+75 sha1:44O33Y4N4SWJOVRQDJJGUILHWBMOEOQU - -
2015-10-31T07:47:21.122Z   200         79 https://www.haosou.com/robots.txt XREP https://www.haosou.com/haosouopensearch.xml text/plain #023 20151031074720902+220 sha1:JCWTA6MZNLROUZP7AOQWIDXGRK63X7JH - -
2015-10-31T07:47:21.136Z   200      14896 https://www.douban.com/accounts/login?redir=http%3A//movie.douban.com/ticket/coupon/ EXR http://movie.douban.com/ticket/coupon/ text/html #007 20151031074720997+134 sha1:NJGXU23HDJQV6CWND2QUCOUPZZS6KSIP - 2t
2015-10-31T07:47:24.218Z   200      17242 http://p0.qhimg.com/t011caad11c0054b52f.png XRE http://www.haosou.com/?src=so.360.cn image/png #008 20151031074724020+196 sha1:E4U6OJF5LELFSQ5H7C3IVMO3KQL7FJ57 - -
2015-10-31T07:47:24.218Z   302        157 http://www.douban.com/note/500460222/remove_comment?cid=43399603 L http://www.douban.com/note/500460222/ text/plain #007 20151031074724148+67 sha1:GIW7B5LD6SMFWWJMCHJNPTGUHIVGXWK5 - -
2015-10-31T07:47:24.373Z   200        448 https://www.haosou.com/haosouopensearch.xml XRE http://www.haosou.com/?src=so.360.cn text/xml #023 20151031074724131+241 sha1:BPTECCYZQKFWD72CCWB523B2PUO64RK7 - 2t
2015-10-31T07:47:27.458Z   200      14978 https://www.douban.com/accounts/login?redir=http%3A//www.douban.com/note/500460222/remove_comment%3Fcid%3D43399603 LR http://www.douban.com/note/500460222/remove_comment?cid=43399603 text/html #008 20151031074727226+220 sha1:K3A4EKUTRE4EVMHLB25NUFSEAAEOS5ZJ - -
2015-10-31T07:47:27.517Z     1        144 dns:accounts.douban.com LRXP https://accounts.douban.com/login text/dns #008 20151031074727463+54 sha1:52QT6UPNSRQEVUVQFFWX2554VBQIZEIT - -
2015-10-31T07:47:27.624Z   200       3664 http://p0.qhimg.com/t01859570c198b37ddc.png XRE http://www.haosou.com/?src=so.360.cn image/png #007 20151031074727228+395 sha1:QZDZTX36JCLJEJWQCKVDPTQQAQ72BWTQ - -
2015-10-31T07:47:27.637Z   200         31 https://img3.doubanio.com/robots.txt LREP https://img3.doubanio.com/f/accounts/c5268df4c1f0bada95cb3d2b80089a50b494b5ee/js/lib/jquery.min.js text/plain #024 20151031074727462+174 sha1:U3DIMEOONORBWNLCBCZBQUSSSJDILGKD - -
2015-10-31T07:47:27.639Z   200       3842 http://img3.douban.com/f/shire/38311a6c074fc29d6900856bf39a433061b98d6e/js/do.js E http://www.douban.com/note/500460222/ application/x-javascript #003 20151031074723794+3841 sha1:HAYRU3AHJ7BJ22IAQVV7HGSDGBQ3TDLO - -
2015-10-31T07:47:27.733Z     1         72 dns:s.doubanio.com EXP http://s.doubanio.com/js/jquery.min.js text/dns #024 20151031074727645+87 sha1:PIRIVWLRZKGSANCY4HMG564PTXG5KJPB - -
2015-10-31T07:47:27.923Z   200       8336 http://p1.qhimg.com/t01726f477d76f8cf82.png XRE http://www.haosou.com/?src=so.360.cn image/png #017 20151031074727846+76 sha1:J32GLO32SWN6IQLO3KBWFKUT6IB2IFLT - -
2015-10-31T07:47:30.624Z   200      11560 http://www.douban.com/note/500460222/doulists L http://www.douban.com/note/500460222/ text/html #009 20151031074730487+126 sha1:47DXYHJDIWRIQ5PG3PYTIBJMXHNE647Q - -
2015-10-31T07:47:30.697Z   200        204 http://p0.qhimg.com/d/inn/758e4b7a/b.png XRE http://www.haosou.com/?src=so.360.cn image/png #009 20151031074730626+70 sha1:MYM53OG6CGEOXR445G3HTVOSUYJL5HEK - -
2015-10-31T07:47:30.808Z   404      56822 https://accounts.douban.com/robots.txt LRXP https://accounts.douban.com/login text/html #008 20151031074730533+260 sha1:DOADFLO5R4UXZCNDFDWWIWMBNCSYBAHC - -
2015-10-31T07:47:30.832Z   200         31 http://s.doubanio.com/robots.txt EXP http://s.doubanio.com/js/jquery.min.js text/plain #011 20151031074730751+81 sha1:U3DIMEOONORBWNLCBCZBQUSSSJDILGKD - -
2015-10-31T07:47:30.880Z   200      93637 https://img3.doubanio.com/f/accounts/c5268df4c1f0bada95cb3d2b80089a50b494b5ee/js/lib/jquery.min.js LRE https://www.douban.com/accounts/login?redir=http%3A//www.douban.com/note/500460222/remove_comment%3Fcid%3D43399603 application/x-javascript #003 20151031074730656+194 sha1:YUTI35GB6C5NVFOLHUVYACE2KC2JJNPO - 2t
2015-10-31T07:47:31.875Z   200      35397 http://p1.qhimg.com/t01512497e6e7151b1f.png XRE http://www.haosou.com/?src=so.360.cn image/png #017 20151031074730934+938 sha1:F2O6DY4D4WOCV6JSAZFNVMN3GEVYQYPF - -
2015-10-31T07:47:33.953Z   200      15938 https://img3.doubanio.com/f/accounts/1b6cc3ca91f78cf47f41eafa91fbcd4918ae239c/pics/connect_wechat.png LRE https://www.douban.com/accounts/login?redir=http%3A//www.douban.com/note/500460222/remove_comment%3Fcid%3D43399603 image/png #003 20151031074733890+62 sha1:DNWMHSUR66GPI72B5L5JD66NJEMK4I44 - -
2015-10-31T07:47:33.961Z   200      78587 http://s.doubanio.com/js/jquery.min.js EX http://img3.douban.com/f/shire/38311a6c074fc29d6900856bf39a433061b98d6e/js/do.js application/x-javascript #011 20151031074733845+101 sha1:OLHNNX2B2TIVQQQM5POSKT4VMKKCIZHD - 3t
2015-10-31T07:47:34.049Z   200      14978 https://accounts.douban.com/login LRX https://www.douban.com/accounts/login?redir=http%3A//www.douban.com/note/500460222/remove_comment%3Fcid%3D43399603 text/html #008 20151031074733819+224 sha1:K3A4EKUTRE4EVMHLB25NUFSEAAEOS5ZJ - 3t
2015-10-31T07:47:35.470Z   200      49795 http://p0.qhimg.com/t01bc32feb0bbb5c4e0.png XRE http://www.haosou.com/?src=so.360.cn image/png #009 20151031074733709+1758 sha1:NHAYQBYHPCGN3UH6HGJA6L3AGSOALF4P - -
2015-10-31T07:47:36.861Z   200        411 http://p1.qhimg.com/dmt/15_72_/t0196272126b9546c95.png XRE http://www.haosou.com/?src=so.360.cn image/png #002 20151031074736689+171 sha1:ZTTISLZQ4IOW644CPQMO6OWSLC7Y6YML - -
2015-10-31T07:47:37.089Z   200       5686 https://img3.doubanio.com/favicon.ico LREI https://img3.doubanio.com/f/accounts/c5268df4c1f0bada95cb3d2b80089a50b494b5ee/js/lib/jquery.min.js image/x-icon #003 20151031074736963+125 sha1:3YA7CD2XWKXHKEREY3I2DE527UXQFXMJ - -
2015-10-31T07:47:37.218Z   200       5686 https://accounts.douban.com/favicon.ico LRXI https://accounts.douban.com/login image/x-icon #008 20151031074737064+153 sha1:3YA7CD2XWKXHKEREY3I2DE527UXQFXMJ - -
2015-10-31T07:47:39.969Z   200       1234 http://p1.qhimg.com/d/_onebox/btn-98-114.png XRRE http://www.haosou.com/haosou.html?src=home image/png #002 20151031074739873+95 sha1:IQZYPRZQSDWELV34U5E5R326V3UVAXX6 - -
2015-10-31T07:47:44.386Z   200       2249 http://p0.qhimg.com/t0186ec4547fc189ade.png XRE http://www.haosou.com/?src=so.360.cn image/png #020 20151031074744303+81 sha1:PEXZTL62RJ57IE7TMVEVMX35NNQ7KMGH - -
2015-10-31T07:47:47.128Z   200     196580 http://img3.douban.com/f/shire/e254005edae24d9a1808ede9c3d7fcc5b6d94e1b/js/lib/jquery.ui.min.js E http://www.douban.com/note/500460222/ application/x-javascript #022 20151031074746851+189 sha1:4JKAAXW24JGZUGAI5XU4HV74YW3NSTQ3 - -
2015-10-31T07:47:47.580Z   200       2751 http://p0.qhimg.com/t01577997ab3379f88e.gif XRE http://www.haosou.com/?src=so.360.cn image/gif #020 20151031074747400+179 sha1:JY4OPXRGXYUHNZBWEJQOJP57INQUOLSL - -
2015-10-31T07:47:50.314Z   200       1924 http://img3.douban.com/f/shire/b25c20b18198fe069cd80d64f4ca614e20b419cb/js/lib/jquery.ui.tooltip.js E http://www.douban.com/note/500460222/ application/x-javascript #022 20151031074750143+168 sha1:WJOCBMMBTD7ANHGYBVSPJSTBJYQLIGOL - -
2015-10-31T07:47:53.746Z   200      28550 http://img3.douban.com/misc/mixed_static/14fe7f62612576ad.css E http://www.douban.com/note/500460222/ text/css #022 20151031074753329+396 sha1:4EPUXZI7QG3WDUWAU4IOLTEBQ65QPHOQ - -
2015-10-31T07:47:56.871Z   200       5686 http://img3.douban.com/favicon.ico E http://www.douban.com/note/500460222/ image/x-icon #025 20151031074756755+115 sha1:3YA7CD2XWKXHKEREY3I2DE527UXQFXMJ - -
2015-10-31T07:47:59.985Z   200         74 http://img3.douban.com/f/shire/e49eca1517424a941871a2667a8957fd6c72d632/pics/new_menu.gif E http://www.douban.com/note/500460222/ image/gif #025 20151031074759883+101 sha1:4SPMUFIXIJFJIGDRUJTHVCKX7VWHFVRS - -
2015-10-31T07:48:03.966Z   200       1806 http://img3.douban.com/icon/u4555019-34.jpg E http://www.douban.com/note/500460222/ image/jpeg #025 20151031074802992+973 sha1:4YLIOBLCZXEWUMMG4D4OBEOPY5TXR6UP - -
2015-10-31T07:48:08.993Z   200       1789 http://img3.douban.com/icon/u1482852-23.jpg E http://www.douban.com/note/500460222/ image/jpeg #024 20151031074808890+102 sha1:RVE7S4ERUZM6BUKIP3OYVUYLZGWIPSYR - -
2015-10-31T07:48:12.047Z   200      21192 http://img3.douban.com/f/shire/4852c4f28ee7ef39e6f4ff656ed2ae44b170130e/pics/qrcode@2x.png E http://www.douban.com/note/500460222/ image/png #025 20151031074811998+48 sha1:JBJMJ4UO47XTTZXU75SW5UVOISYXAEYO - -
2015-10-31T07:48:15.196Z   200      17007 http://img3.douban.com/misc/mixed_static/54813efcb2e7e4be.js E http://www.douban.com/note/500460222/ application/x-javascript #025 20151031074815063+110 sha1:4VEDLFID3NYKJDJRYK4YDSM6K62VHK6W - -
2015-10-31T07:48:15.256Z     1         59 dns:v.t.sina.com.cn EXP http://v.t.sina.com.cn/share/share.php text/dns #003 20151031074815195+61 sha1:OWXAIK2PT7N44VSTEUBL4J4XDT644SGW - -
2015-10-31T07:48:15.263Z     1         60 dns:connect.qq.com EXP http://connect.qq.com/widget/shareqq/index.html text/dns #025 20151031074815201+62 sha1:TAPDFOMF7KAW3OZHY63TXDNW6T4SBHKN - -
2015-10-31T07:48:15.306Z     1         56 dns:sns.qzone.qq.com EXP http://sns.qzone.qq.com/cgi-bin/qzshare/cgi_qzshare_onekey text/dns #005 20151031074815239+66 sha1:B3XXXHZBM4NIM3EFGFZR5FUNUOXYCXG5 - -
2015-10-31T07:48:18.333Z   200       6397 http://img3.douban.com/f/shire/0a3e8bdd48446950d821b65613a24e86be2b067a/js/ad.js X http://www.douban.com/note/500460222/ application/x-javascript #010 20151031074818262+67 sha1:BI7IXXKIIRUVBWBBWZLBHISOQ27CWBT2 - -
2015-10-31T07:48:18.344Z   200         30 http://v.t.sina.com.cn/robots.txt EXP http://v.t.sina.com.cn/share/share.php text/plain #003 20151031074818276+68 sha1:7GTXB3XBXQ2CBW5QVSG2LKHNQDBWLM6H - -
2015-10-31T07:48:18.449Z   404          0 http://sns.qzone.qq.com/robots.txt EXP http://sns.qzone.qq.com/cgi-bin/qzshare/cgi_qzshare_onekey text/html #005 20151031074818323+125 sha1:3I42H3S6NNFQ2MSVX7XZKYAYSCX5QBYJ - -
2015-10-31T07:48:18.469Z   404        832 http://connect.qq.com/robots.txt EXP http://connect.qq.com/widget/shareqq/index.html text/html #025 20151031074818278+188 sha1:SCADKEEE6DSKXAVOL273NDJS2UQ65DYL - -
2015-10-31T07:48:22.275Z   302          0 http://v.t.sina.com.cn/share/share.php EX http://img3.douban.com/misc/mixed_static/54813efcb2e7e4be.js text/html #008 20151031074821353+917 sha1:3I42H3S6NNFQ2MSVX7XZKYAYSCX5QBYJ - 3t
2015-10-31T07:48:22.301Z     1         58 dns:service.weibo.com EXRP http://service.weibo.com/share/share.php text/dns #008 20151031074822278+22 sha1:5K3ITGPPESRMCUPDUMJXQYOLVOFAK4VD - -
2015-10-31T07:48:22.388Z   200      21145 http://sns.qzone.qq.com/cgi-bin/qzshare/cgi_qzshare_onekey EX http://img3.douban.com/misc/mixed_static/54813efcb2e7e4be.js text/html #005 20151031074821466+898 sha1:VCJU3FPHMEC2AHWE5DGPGVU4EXGA42QH - 3t
2015-10-31T07:48:22.394Z   200      19282 http://connect.qq.com/widget/shareqq/index.html EX http://img3.douban.com/misc/mixed_static/54813efcb2e7e4be.js text/html #025 20151031074821483+904 sha1:Q5AR4JWK56TGIYXUUTTQ7Y4B34R6DPLQ - 3t
2015-10-31T07:48:22.476Z   200      27475 http://img3.douban.com/misc/mixed_static/619bf70145321c2f.css LE http://www.douban.com/note/500460222/?type=rec text/css #010 20151031074821344+1121 sha1:XKYEEF5LBZNGWYWWRV3C6OT5BQ7IVVJO - -
2015-10-31T07:48:25.390Z   302          0 http://service.weibo.com/robots.txt EXRP http://service.weibo.com/share/share.php text/html #008 20151031074825317+72 sha1:3I42H3S6NNFQ2MSVX7XZKYAYSCX5QBYJ - -
2015-10-31T07:48:28.264Z   200       2074 http://img3.douban.com/icon/u59456011-10.jpg LE http://www.douban.com/note/500460222/?type=rec image/jpeg #013 20151031074828095+167 sha1:UXM4BDUGU5QNWY5H3OBMFY26IPI643EK - -
2015-10-31T07:48:28.527Z   200       6017 http://service.weibo.com/share/share.php EXR http://v.t.sina.com.cn/share/share.php text/html #008 20151031074828401+124 sha1:HCFQUPPCMOHRBBUTAN3EMERJ3AZHUCBQ - usingCharsetInHTML:UTF-8,3t
2015-10-31T07:48:31.455Z   200       2013 http://img3.douban.com/icon/u63669561-14.jpg LE http://www.douban.com/note/500460222/?type=rec image/jpeg #013 20151031074831271+183 sha1:J7BZ5NKF7MLCRXSPAN6UGS6DYGXMEDER - -
2015-10-31T07:48:34.581Z   200       2234 http://img3.douban.com/icon/u4224577-3.jpg LE http://www.douban.com/note/500460222/?type=like image/jpeg #013 20151031074834463+117 sha1:GGWQY43RY5SQT3S6BOW5OEURUOH5XLM7 - -
2015-10-31T07:48:37.806Z   200      21680 http://img3.douban.com/misc/mixed_static/3769690bf7032622.css LE http://www.douban.com/note/500460222/doulists text/css #013 20151031074837597+203 sha1:GKPHVNAVJYXNJMOOP3MYYUKW4DZ5KAE2 - -
2015-10-31T07:48:40.987Z   200       2314 http://img3.douban.com/icon/u55863328-24.jpg LE http://www.douban.com/note/500460222/doulists image/jpeg #013 20151031074840811+175 sha1:SB5NIUIDYKHXUSD6MPPJQV3MI3BP4CSA - -
2015-10-31T07:48:44.047Z   200       4415 http://img3.douban.com/misc/mixed_static/73912b760768cf0b.js LE http://www.douban.com/note/500460222/doulists application/x-javascript #015 20151031074843994+51 sha1:WRSPTYFBJNTNIIYESSVZGSCBDA332W32 - -
2015-10-31T07:48:47.137Z   200      19158 http://img3.douban.com/f/shire/88a34b0b25a45603169a2b0ffac6cb454685d946/css/core/_init_.css XE http://www.douban.com/ text/css #015 20151031074847059+74 sha1:RCRUWCZFURLAGFU2FMH7VRWLIVDILWKG - -
2015-10-31T07:48:50.219Z   200      27699 http://img3.douban.com/f/sns/dfa38607d6209a1719afdde69bc879a61097e1a2/css/sns/anonymous_home.css XE http://www.douban.com/ text/css #015 20151031074850148+65 sha1:36RYMB6WECNBOGNP3XTJXSDZUYIJPYNC - -
2015-10-31T07:48:54.357Z   200        365 http://img3.douban.com/f/sns/e5a2f0620be29316fe42d74645e9e63433477331/pics/sns/anony_home/icon_qrcode.png XE http://www.douban.com/ image/png #015 20151031074853228+1128 sha1:4WRPAYQL4KJRN7SC25DEL2PGGQZUO4ZR - -
