2015-10-31T07:47:53.691Z    -2          0 http://www.douban.com/a EX http://img3.douban.com/f/shire/72ced6df41d4d158420cebdd254f9562942464e3/js/jquery.min.js unknown #007 - - - -
 java.net.SocketTimeoutException: Read timed out
	at java.net.SocketInputStream.socketRead0(Native Method)
	at java.net.SocketInputStream.socketRead(SocketInputStream.java:116)
	at java.net.SocketInputStream.read(SocketInputStream.java:170)
	at java.net.SocketInputStream.read(SocketInputStream.java:141)
	at org.archive.io.RecordingInputStream.read(RecordingInputStream.java:115)
	at org.apache.http.impl.io.SessionInputBufferImpl.streamRead(SessionInputBufferImpl.java:136)
	at org.apache.http.impl.io.SessionInputBufferImpl.fillBuffer(SessionInputBufferImpl.java:152)
	at org.apache.http.impl.io.SessionInputBufferImpl.readLine(SessionInputBufferImpl.java:270)
	at org.apache.http.impl.conn.DefaultHttpResponseParser.parseHead(DefaultHttpResponseParser.java:140)
	at org.apache.http.impl.conn.DefaultHttpResponseParser.parseHead(DefaultHttpResponseParser.java:57)
	at org.apache.http.impl.io.AbstractMessageParser.parse(AbstractMessageParser.java:260)
	at org.apache.http.impl.DefaultBHttpClientConnection.receiveResponseHeader(DefaultBHttpClientConnection.java:161)
	at org.apache.http.protocol.HttpRequestExecutor.doReceiveResponse(HttpRequestExecutor.java:271)
	at org.apache.http.protocol.HttpRequestExecutor.execute(HttpRequestExecutor.java:123)
	at org.apache.http.impl.execchain.MainClientExec.execute(MainClientExec.java:254)
	at org.apache.http.impl.execchain.ProtocolExec.execute(ProtocolExec.java:195)
	at org.apache.http.impl.execchain.RetryExec.execute(RetryExec.java:86)
	at org.apache.http.impl.client.InternalHttpClient.doExecute(InternalHttpClient.java:184)
	at org.apache.http.impl.client.CloseableHttpClient.execute(CloseableHttpClient.java:72)
	at org.apache.http.impl.client.CloseableHttpClient.execute(CloseableHttpClient.java:57)
	at org.archive.modules.fetcher.FetchHTTPRequest.execute(FetchHTTPRequest.java:639)
	at org.archive.modules.fetcher.FetchHTTP.innerProcess(FetchHTTP.java:658)
	at org.archive.modules.Processor.innerProcessResult(Processor.java:175)
	at org.archive.modules.Processor.process(Processor.java:142)
	at org.archive.modules.ProcessorChain.process(ProcessorChain.java:131)
	at org.archive.crawler.framework.ToeThread.run(ToeThread.java:148)
 java.net.SocketTimeoutException: Read timed out
	at java.net.SocketInputStream.socketRead0(Native Method)
	at java.net.SocketInputStream.socketRead(SocketInputStream.java:116)
	at java.net.SocketInputStream.read(SocketInputStream.java:170)
	at java.net.SocketInputStream.read(SocketInputStream.java:141)
	at org.archive.io.RecordingInputStream.read(RecordingInputStream.java:115)
	at org.apache.http.impl.io.SessionInputBufferImpl.streamRead(SessionInputBufferImpl.java:136)
	at org.apache.http.impl.io.SessionInputBufferImpl.fillBuffer(SessionInputBufferImpl.java:152)
	at org.apache.http.impl.io.SessionInputBufferImpl.readLine(SessionInputBufferImpl.java:270)
	at org.apache.http.impl.conn.DefaultHttpResponseParser.parseHead(DefaultHttpResponseParser.java:140)
	at org.apache.http.impl.conn.DefaultHttpResponseParser.parseHead(DefaultHttpResponseParser.java:57)
	at org.apache.http.impl.io.AbstractMessageParser.parse(AbstractMessageParser.java:260)
	at org.apache.http.impl.DefaultBHttpClientConnection.receiveResponseHeader(DefaultBHttpClientConnection.java:161)
	at org.apache.http.protocol.HttpRequestExecutor.doReceiveResponse(HttpRequestExecutor.java:271)
	at org.apache.http.protocol.HttpRequestExecutor.execute(HttpRequestExecutor.java:123)
	at org.apache.http.impl.execchain.MainClientExec.execute(MainClientExec.java:254)
	at org.apache.http.impl.execchain.ProtocolExec.execute(ProtocolExec.java:195)
	at org.apache.http.impl.execchain.RetryExec.execute(RetryExec.java:86)
	at org.apache.http.impl.client.InternalHttpClient.doExecute(InternalHttpClient.java:184)
	at org.apache.http.impl.client.CloseableHttpClient.execute(CloseableHttpClient.java:72)
	at org.apache.http.impl.client.CloseableHttpClient.execute(CloseableHttpClient.java:57)
	at org.archive.modules.fetcher.FetchHTTPRequest.execute(FetchHTTPRequest.java:639)
	at org.archive.modules.fetcher.FetchHTTP.innerProcess(FetchHTTP.java:658)
	at org.archive.modules.Processor.innerProcessResult(Processor.java:175)
	at org.archive.modules.Processor.process(Processor.java:142)
	at org.archive.modules.ProcessorChain.process(ProcessorChain.java:131)
	at org.archive.crawler.framework.ToeThread.run(ToeThread.java:148)
